<?xml version="1.0" encoding="UTF-8"?>
<!-- Generated by org.testng.reporters.JUnitReportReporter -->
<testsuite skipped="0" hostname="qaplanet-PC" name="sadarpom.Pomrun" tests="1" failures="0" timestamp="15 Apr 2019 06:53:43 GMT" time="9.494" errors="0">
  <testcase name="tc222" time="9.494" classname="sadarpom.Pomrun"/>
</testsuite> <!-- sadarpom.Pomrun -->
