<?xml version="1.0" encoding="UTF-8"?>
<!-- Generated by org.testng.reporters.JUnitReportReporter -->
<testsuite skipped="0" hostname="qaplanet-PC" name="testng.FW" tests="2" failures="0" timestamp="17 May 2019 12:56:27 GMT" time="33.196" errors="0">
  <testcase name="TC2_1" time="12.082" classname="testng.FW"/>
  <testcase name="TC2_2" time="21.114" classname="testng.FW"/>
</testsuite> <!-- testng.FW -->
