<?xml version="1.0" encoding="UTF-8"?>
<!-- Generated by org.testng.reporters.JUnitReportReporter -->
<testsuite skipped="0" hostname="qaplanet-PC" name="datadriven.Datadrv" tests="4" failures="0" timestamp="07 Jun 2019 03:03:22 GMT" time="39.276" errors="0">
  <testcase name="TC1" time="10.944" classname="datadriven.Datadrv"/>
  <testcase name="TC1" time="9.413" classname="datadriven.Datadrv"/>
  <testcase name="TC1" time="9.829" classname="datadriven.Datadrv"/>
  <testcase name="TC1" time="9.090" classname="datadriven.Datadrv"/>
</testsuite> <!-- datadriven.Datadrv -->
