<?xml version="1.0" encoding="UTF-8"?>
<!-- Generated by org.testng.reporters.JUnitReportReporter -->
<testsuite skipped="0" hostname="qaplanet-PC" name="cross.Cr" tests="1" failures="0" timestamp="07 Jun 2019 02:43:04 GMT" time="19.771" errors="0">
  <testcase name="CrB" time="19.771" classname="cross.Cr"/>
</testsuite> <!-- cross.Cr -->
