<?xml version="1.0" encoding="UTF-8"?>
<!-- Generated by org.testng.reporters.JUnitReportReporter -->
<testsuite skipped="0" hostname="qaplanet-PC" name="testng.FW2" tests="1" failures="0" timestamp="05 Feb 2019 12:36:35 GMT" time="13.400" errors="0">
  <testcase name="TC2_2" time="13.400" classname="testng.FW2"/>
</testsuite> <!-- testng.FW2 -->
