<?xml version="1.0" encoding="UTF-8"?>
<!-- Generated by org.testng.reporters.JUnitReportReporter -->
<testsuite skipped="0" hostname="qaplanet-PC" name="testng.Testg" tests="1" failures="0" timestamp="30 Apr 2019 14:12:58 GMT" time="14.099" errors="0">
  <testcase name="TC1" time="14.099" classname="testng.Testg"/>
</testsuite> <!-- testng.Testg -->
